<?xml version="1.0" encoding="UTF-8"?>
<coverage generated="1643299265786" clover="3.2.0">
  <project timestamp="1643299265787" name="All files">
    <metrics statements="83" coveredstatements="50" conditionals="19" coveredconditionals="12" methods="42" coveredmethods="30" elements="144" coveredelements="92" complexity="0" loc="83" ncloc="83" packages="2" files="2" classes="2"/>
    <package name="src.app.container">
      <metrics statements="79" coveredstatements="46" conditionals="19" coveredconditionals="12" methods="39" coveredmethods="27"/>
      <file name="container.model.ts" path="/home/fernando/Documents/github/summary/webui/src/app/container/container.model.ts">
        <metrics statements="79" coveredstatements="46" conditionals="19" coveredconditionals="12" methods="39" coveredmethods="27"/>
        <line num="71" count="105" type="stmt"/>
        <line num="72" count="105" type="stmt"/>
        <line num="73" count="105" type="stmt"/>
        <line num="76" count="105" type="stmt"/>
        <line num="77" count="105" type="stmt"/>
        <line num="78" count="105" type="stmt"/>
        <line num="82" count="61" type="stmt"/>
        <line num="83" count="61" type="stmt"/>
        <line num="87" count="27" type="stmt"/>
        <line num="91" count="2" type="stmt"/>
        <line num="95" count="14" type="stmt"/>
        <line num="99" count="1" type="stmt"/>
        <line num="103" count="62" type="stmt"/>
        <line num="107" count="75" type="stmt"/>
        <line num="111" count="111" type="stmt"/>
        <line num="115" count="111" type="stmt"/>
        <line num="119" count="1" type="stmt"/>
        <line num="123" count="16" type="cond" truecount="2" falsecount="0"/>
        <line num="124" count="10" type="stmt"/>
        <line num="126" count="6" type="stmt"/>
        <line num="130" count="6" type="cond" truecount="1" falsecount="1"/>
        <line num="131" count="6" type="stmt"/>
        <line num="136" count="61" type="stmt"/>
        <line num="140" count="48" type="cond" truecount="2" falsecount="0"/>
        <line num="141" count="32" type="stmt"/>
        <line num="143" count="16" type="stmt"/>
        <line num="144" count="30" type="stmt"/>
        <line num="145" count="16" type="stmt"/>
        <line num="149" count="35" type="cond" truecount="2" falsecount="0"/>
        <line num="150" count="20" type="cond" truecount="2" falsecount="0"/>
        <line num="152" count="15" type="stmt"/>
        <line num="153" count="30" type="stmt"/>
        <line num="154" count="15" type="stmt"/>
        <line num="158" count="7" type="stmt"/>
        <line num="159" count="7" type="stmt"/>
        <line num="160" count="10" type="stmt"/>
        <line num="162" count="7" type="stmt"/>
        <line num="166" count="5" type="cond" truecount="1" falsecount="1"/>
        <line num="167" count="5" type="stmt"/>
        <line num="172" count="1" type="stmt"/>
        <line num="176" count="6" type="cond" truecount="1" falsecount="1"/>
        <line num="177" count="12" type="stmt"/>
        <line num="178" count="6" type="stmt"/>
        <line num="183" count="6" type="cond" truecount="1" falsecount="1"/>
        <line num="184" count="12" type="stmt"/>
        <line num="185" count="6" type="stmt"/>
        <line num="190" count="0" type="stmt"/>
        <line num="191" count="0" type="stmt"/>
        <line num="192" count="0" type="stmt"/>
        <line num="193" count="0" type="stmt"/>
        <line num="197" count="0" type="stmt"/>
        <line num="198" count="0" type="stmt"/>
        <line num="199" count="0" type="stmt"/>
        <line num="200" count="0" type="stmt"/>
        <line num="201" count="0" type="stmt"/>
        <line num="203" count="0" type="stmt"/>
        <line num="204" count="0" type="stmt"/>
        <line num="208" count="0" type="stmt"/>
        <line num="211" count="0" type="stmt"/>
        <line num="216" count="0" type="stmt"/>
        <line num="217" count="0" type="stmt"/>
        <line num="218" count="0" type="stmt"/>
        <line num="219" count="0" type="stmt"/>
        <line num="220" count="0" type="stmt"/>
        <line num="222" count="0" type="stmt"/>
        <line num="223" count="0" type="stmt"/>
        <line num="227" count="0" type="stmt"/>
        <line num="228" count="0" type="stmt"/>
        <line num="229" count="0" type="stmt"/>
        <line num="231" count="0" type="stmt"/>
        <line num="235" count="0" type="stmt"/>
        <line num="239" count="0" type="stmt"/>
        <line num="240" count="0" type="stmt"/>
        <line num="241" count="0" type="stmt"/>
        <line num="243" count="0" type="stmt"/>
        <line num="244" count="0" type="cond" truecount="0" falsecount="2"/>
        <line num="245" count="0" type="stmt"/>
        <line num="246" count="0" type="stmt"/>
        <line num="251" count="0" type="stmt"/>
      </file>
    </package>
    <package name="tests">
      <metrics statements="4" coveredstatements="4" conditionals="0" coveredconditionals="0" methods="3" coveredmethods="3"/>
      <file name="test-utils.ts" path="/home/fernando/Documents/github/summary/webui/tests/test-utils.ts">
        <metrics statements="4" coveredstatements="4" conditionals="0" coveredconditionals="0" methods="3" coveredmethods="3"/>
        <line num="5" count="1" type="stmt"/>
        <line num="6" count="5" type="stmt"/>
        <line num="7" count="5" type="stmt"/>
        <line num="8" count="1" type="stmt"/>
      </file>
    </package>
  </project>
</coverage>
