{"/home/fernando/Documents/github/summary/webui/src/app/container/container.model.ts": {"path":"/home/fernando/Documents/github/summary/webui/src/app/container/container.model.ts","statementMap":{"0":{"start":{"line":71,"column":25},"end":{"line":71,"column":27}},"1":{"start":{"line":72,"column":30},"end":{"line":72,"column":35}},"2":{"start":{"line":73,"column":42},"end":{"line":73,"column":46}},"3":{"start":{"line":76,"column":4},"end":{"line":76,"column":25}},"4":{"start":{"line":77,"column":4},"end":{"line":77,"column":23}},"5":{"start":{"line":78,"column":4},"end":{"line":78,"column":23}},"6":{"start":{"line":82,"column":4},"end":{"line":82,"column":26}},"7":{"start":{"line":83,"column":4},"end":{"line":83,"column":30}},"8":{"start":{"line":87,"column":4},"end":{"line":87,"column":45}},"9":{"start":{"line":91,"column":4},"end":{"line":91,"column":58}},"10":{"start":{"line":91,"column":46},"end":{"line":91,"column":56}},"11":{"start":{"line":95,"column":4},"end":{"line":95,"column":22}},"12":{"start":{"line":99,"column":4},"end":{"line":99,"column":23}},"13":{"start":{"line":103,"column":4},"end":{"line":103,"column":25}},"14":{"start":{"line":107,"column":4},"end":{"line":107,"column":23}},"15":{"start":{"line":111,"column":4},"end":{"line":111,"column":32}},"16":{"start":{"line":115,"column":4},"end":{"line":115,"column":38}},"17":{"start":{"line":119,"column":4},"end":{"line":119,"column":31}},"18":{"start":{"line":123,"column":4},"end":{"line":125,"column":5}},"19":{"start":{"line":124,"column":6},"end":{"line":124,"column":28}},"20":{"start":{"line":126,"column":4},"end":{"line":126,"column":66}},"21":{"start":{"line":126,"column":37},"end":{"line":126,"column":51}},"22":{"start":{"line":130,"column":4},"end":{"line":132,"column":5}},"23":{"start":{"line":131,"column":6},"end":{"line":131,"column":33}},"24":{"start":{"line":136,"column":4},"end":{"line":136,"column":25}},"25":{"start":{"line":140,"column":4},"end":{"line":142,"column":5}},"26":{"start":{"line":141,"column":6},"end":{"line":141,"column":15}},"27":{"start":{"line":143,"column":22},"end":{"line":143,"column":23}},"28":{"start":{"line":144,"column":4},"end":{"line":144,"column":54}},"29":{"start":{"line":144,"column":31},"end":{"line":144,"column":52}},"30":{"start":{"line":145,"column":4},"end":{"line":145,"column":15}},"31":{"start":{"line":149,"column":4},"end":{"line":151,"column":5}},"32":{"start":{"line":150,"column":6},"end":{"line":150,"column":36}},"33":{"start":{"line":152,"column":22},"end":{"line":152,"column":23}},"34":{"start":{"line":153,"column":4},"end":{"line":153,"column":51}},"35":{"start":{"line":153,"column":31},"end":{"line":153,"column":49}},"36":{"start":{"line":154,"column":4},"end":{"line":154,"column":15}},"37":{"start":{"line":158,"column":32},"end":{"line":158,"column":36}},"38":{"start":{"line":159,"column":4},"end":{"line":161,"column":5}},"39":{"start":{"line":160,"column":6},"end":{"line":160,"column":35}},"40":{"start":{"line":162,"column":4},"end":{"line":162,"column":21}},"41":{"start":{"line":166,"column":4},"end":{"line":168,"column":5}},"42":{"start":{"line":167,"column":6},"end":{"line":167,"column":43}},"43":{"start":{"line":172,"column":4},"end":{"line":172,"column":45}},"44":{"start":{"line":176,"column":4},"end":{"line":179,"column":5}},"45":{"start":{"line":177,"column":18},"end":{"line":177,"column":65}},"46":{"start":{"line":177,"column":54},"end":{"line":177,"column":64}},"47":{"start":{"line":178,"column":6},"end":{"line":178,"column":83}},"48":{"start":{"line":183,"column":4},"end":{"line":186,"column":5}},"49":{"start":{"line":184,"column":18},"end":{"line":184,"column":65}},"50":{"start":{"line":184,"column":54},"end":{"line":184,"column":64}},"51":{"start":{"line":185,"column":6},"end":{"line":185,"column":79}},"52":{"start":{"line":190,"column":27},"end":{"line":190,"column":65}},"53":{"start":{"line":191,"column":4},"end":{"line":191,"column":60}},"54":{"start":{"line":191,"column":31},"end":{"line":191,"column":58}},"55":{"start":{"line":192,"column":4},"end":{"line":192,"column":40}},"56":{"start":{"line":193,"column":4},"end":{"line":193,"column":16}},"57":{"start":{"line":197,"column":4},"end":{"line":197,"column":23}},"58":{"start":{"line":198,"column":4},"end":{"line":202,"column":6}},"59":{"start":{"line":199,"column":18},"end":{"line":199,"column":46}},"60":{"start":{"line":200,"column":6},"end":{"line":200,"column":24}},"61":{"start":{"line":201,"column":6},"end":{"line":201,"column":27}},"62":{"start":{"line":203,"column":4},"end":{"line":203,"column":33}},"63":{"start":{"line":204,"column":4},"end":{"line":204,"column":45}},"64":{"start":{"line":208,"column":4},"end":{"line":212,"column":5}},"65":{"start":{"line":211,"column":39},"end":{"line":211,"column":52}},"66":{"start":{"line":216,"column":4},"end":{"line":216,"column":23}},"67":{"start":{"line":217,"column":4},"end":{"line":221,"column":6}},"68":{"start":{"line":218,"column":18},"end":{"line":218,"column":41}},"69":{"start":{"line":219,"column":6},"end":{"line":219,"column":32}},"70":{"start":{"line":220,"column":6},"end":{"line":220,"column":27}},"71":{"start":{"line":222,"column":4},"end":{"line":222,"column":28}},"72":{"start":{"line":223,"column":4},"end":{"line":223,"column":36}},"73":{"start":{"line":227,"column":32},"end":{"line":227,"column":36}},"74":{"start":{"line":228,"column":4},"end":{"line":230,"column":5}},"75":{"start":{"line":229,"column":6},"end":{"line":229,"column":35}},"76":{"start":{"line":231,"column":4},"end":{"line":231,"column":55}},"77":{"start":{"line":235,"column":4},"end":{"line":235,"column":28}},"78":{"start":{"line":239,"column":32},"end":{"line":239,"column":36}},"79":{"start":{"line":240,"column":4},"end":{"line":242,"column":5}},"80":{"start":{"line":241,"column":6},"end":{"line":241,"column":35}},"81":{"start":{"line":243,"column":17},"end":{"line":243,"column":52}},"82":{"start":{"line":244,"column":4},"end":{"line":247,"column":5}},"83":{"start":{"line":245,"column":6},"end":{"line":245,"column":28}},"84":{"start":{"line":246,"column":6},"end":{"line":246,"column":46}},"85":{"start":{"line":251,"column":4},"end":{"line":251,"column":35}}},"fnMap":{"0":{"name":"(anonymous_0)","decl":{"start":{"line":75,"column":2},"end":{"line":75,"column":3}},"loc":{"start":{"line":75,"column":63},"end":{"line":79,"column":3}},"line":75},"1":{"name":"(anonymous_1)","decl":{"start":{"line":81,"column":2},"end":{"line":81,"column":3}},"loc":{"start":{"line":81,"column":30},"end":{"line":84,"column":3}},"line":81},"2":{"name":"(anonymous_2)","decl":{"start":{"line":86,"column":2},"end":{"line":86,"column":3}},"loc":{"start":{"line":86,"column":58},"end":{"line":88,"column":3}},"line":86},"3":{"name":"(anonymous_3)","decl":{"start":{"line":90,"column":2},"end":{"line":90,"column":3}},"loc":{"start":{"line":90,"column":33},"end":{"line":92,"column":3}},"line":90},"4":{"name":"(anonymous_4)","decl":{"start":{"line":91,"column":41},"end":{"line":91,"column":42}},"loc":{"start":{"line":91,"column":46},"end":{"line":91,"column":56}},"line":91},"5":{"name":"(anonymous_5)","decl":{"start":{"line":94,"column":2},"end":{"line":94,"column":3}},"loc":{"start":{"line":94,"column":14},"end":{"line":96,"column":3}},"line":94},"6":{"name":"(anonymous_6)","decl":{"start":{"line":98,"column":2},"end":{"line":98,"column":3}},"loc":{"start":{"line":98,"column":27},"end":{"line":100,"column":3}},"line":98},"7":{"name":"(anonymous_7)","decl":{"start":{"line":102,"column":2},"end":{"line":102,"column":3}},"loc":{"start":{"line":102,"column":17},"end":{"line":104,"column":3}},"line":102},"8":{"name":"(anonymous_8)","decl":{"start":{"line":106,"column":2},"end":{"line":106,"column":3}},"loc":{"start":{"line":106,"column":34},"end":{"line":108,"column":3}},"line":106},"9":{"name":"(anonymous_9)","decl":{"start":{"line":110,"column":2},"end":{"line":110,"column":3}},"loc":{"start":{"line":110,"column":25},"end":{"line":112,"column":3}},"line":110},"10":{"name":"(anonymous_10)","decl":{"start":{"line":114,"column":2},"end":{"line":114,"column":3}},"loc":{"start":{"line":114,"column":15},"end":{"line":116,"column":3}},"line":114},"11":{"name":"(anonymous_11)","decl":{"start":{"line":118,"column":2},"end":{"line":118,"column":3}},"loc":{"start":{"line":118,"column":15},"end":{"line":120,"column":3}},"line":118},"12":{"name":"(anonymous_12)","decl":{"start":{"line":122,"column":2},"end":{"line":122,"column":3}},"loc":{"start":{"line":122,"column":20},"end":{"line":127,"column":3}},"line":122},"13":{"name":"(anonymous_13)","decl":{"start":{"line":126,"column":32},"end":{"line":126,"column":33}},"loc":{"start":{"line":126,"column":37},"end":{"line":126,"column":51}},"line":126},"14":{"name":"(anonymous_14)","decl":{"start":{"line":129,"column":2},"end":{"line":129,"column":3}},"loc":{"start":{"line":129,"column":35},"end":{"line":133,"column":3}},"line":129},"15":{"name":"(anonymous_15)","decl":{"start":{"line":135,"column":2},"end":{"line":135,"column":3}},"loc":{"start":{"line":135,"column":32},"end":{"line":137,"column":3}},"line":135},"16":{"name":"(anonymous_16)","decl":{"start":{"line":139,"column":2},"end":{"line":139,"column":3}},"loc":{"start":{"line":139,"column":21},"end":{"line":146,"column":3}},"line":139},"17":{"name":"(anonymous_17)","decl":{"start":{"line":144,"column":26},"end":{"line":144,"column":27}},"loc":{"start":{"line":144,"column":31},"end":{"line":144,"column":52}},"line":144},"18":{"name":"(anonymous_18)","decl":{"start":{"line":148,"column":2},"end":{"line":148,"column":3}},"loc":{"start":{"line":148,"column":18},"end":{"line":155,"column":3}},"line":148},"19":{"name":"(anonymous_19)","decl":{"start":{"line":153,"column":26},"end":{"line":153,"column":27}},"loc":{"start":{"line":153,"column":31},"end":{"line":153,"column":49}},"line":153},"20":{"name":"(anonymous_20)","decl":{"start":{"line":157,"column":2},"end":{"line":157,"column":3}},"loc":{"start":{"line":157,"column":25},"end":{"line":163,"column":3}},"line":157},"21":{"name":"(anonymous_21)","decl":{"start":{"line":165,"column":2},"end":{"line":165,"column":3}},"loc":{"start":{"line":165,"column":9},"end":{"line":169,"column":3}},"line":165},"22":{"name":"(anonymous_22)","decl":{"start":{"line":171,"column":2},"end":{"line":171,"column":3}},"loc":{"start":{"line":171,"column":27},"end":{"line":173,"column":3}},"line":171},"23":{"name":"(anonymous_23)","decl":{"start":{"line":175,"column":2},"end":{"line":175,"column":3}},"loc":{"start":{"line":175,"column":31},"end":{"line":180,"column":3}},"line":175},"24":{"name":"(anonymous_24)","decl":{"start":{"line":177,"column":49},"end":{"line":177,"column":50}},"loc":{"start":{"line":177,"column":54},"end":{"line":177,"column":64}},"line":177},"25":{"name":"(anonymous_25)","decl":{"start":{"line":182,"column":2},"end":{"line":182,"column":3}},"loc":{"start":{"line":182,"column":32},"end":{"line":187,"column":3}},"line":182},"26":{"name":"(anonymous_26)","decl":{"start":{"line":184,"column":49},"end":{"line":184,"column":50}},"loc":{"start":{"line":184,"column":54},"end":{"line":184,"column":64}},"line":184},"27":{"name":"(anonymous_27)","decl":{"start":{"line":189,"column":2},"end":{"line":189,"column":3}},"loc":{"start":{"line":189,"column":25},"end":{"line":194,"column":3}},"line":189},"28":{"name":"(anonymous_28)","decl":{"start":{"line":191,"column":26},"end":{"line":191,"column":27}},"loc":{"start":{"line":191,"column":31},"end":{"line":191,"column":58}},"line":191},"29":{"name":"(anonymous_29)","decl":{"start":{"line":196,"column":2},"end":{"line":196,"column":3}},"loc":{"start":{"line":196,"column":40},"end":{"line":205,"column":3}},"line":196},"30":{"name":"(anonymous_30)","decl":{"start":{"line":198,"column":31},"end":{"line":198,"column":32}},"loc":{"start":{"line":198,"column":36},"end":{"line":202,"column":5}},"line":198},"31":{"name":"(anonymous_31)","decl":{"start":{"line":207,"column":2},"end":{"line":207,"column":3}},"loc":{"start":{"line":207,"column":30},"end":{"line":213,"column":3}},"line":207},"32":{"name":"(anonymous_32)","decl":{"start":{"line":211,"column":34},"end":{"line":211,"column":35}},"loc":{"start":{"line":211,"column":39},"end":{"line":211,"column":52}},"line":211},"33":{"name":"(anonymous_33)","decl":{"start":{"line":215,"column":2},"end":{"line":215,"column":3}},"loc":{"start":{"line":215,"column":47},"end":{"line":224,"column":3}},"line":215},"34":{"name":"(anonymous_34)","decl":{"start":{"line":217,"column":26},"end":{"line":217,"column":27}},"loc":{"start":{"line":217,"column":31},"end":{"line":221,"column":5}},"line":217},"35":{"name":"(anonymous_35)","decl":{"start":{"line":226,"column":2},"end":{"line":226,"column":3}},"loc":{"start":{"line":226,"column":25},"end":{"line":232,"column":3}},"line":226},"36":{"name":"(anonymous_36)","decl":{"start":{"line":234,"column":2},"end":{"line":234,"column":3}},"loc":{"start":{"line":234,"column":47},"end":{"line":236,"column":3}},"line":234},"37":{"name":"(anonymous_37)","decl":{"start":{"line":238,"column":2},"end":{"line":238,"column":3}},"loc":{"start":{"line":238,"column":22},"end":{"line":248,"column":3}},"line":238},"38":{"name":"(anonymous_38)","decl":{"start":{"line":250,"column":2},"end":{"line":250,"column":3}},"loc":{"start":{"line":250,"column":64},"end":{"line":252,"column":3}},"line":250}},"branchMap":{"0":{"loc":{"start":{"line":75,"column":29},"end":{"line":75,"column":61}},"type":"default-arg","locations":[{"start":{"line":75,"column":57},"end":{"line":75,"column":61}}],"line":75},"1":{"loc":{"start":{"line":123,"column":4},"end":{"line":125,"column":5}},"type":"if","locations":[{"start":{"line":123,"column":4},"end":{"line":125,"column":5}},{"start":{},"end":{}}],"line":123},"2":{"loc":{"start":{"line":130,"column":4},"end":{"line":132,"column":5}},"type":"if","locations":[{"start":{"line":130,"column":4},"end":{"line":132,"column":5}},{"start":{},"end":{}}],"line":130},"3":{"loc":{"start":{"line":140,"column":4},"end":{"line":142,"column":5}},"type":"if","locations":[{"start":{"line":140,"column":4},"end":{"line":142,"column":5}},{"start":{},"end":{}}],"line":140},"4":{"loc":{"start":{"line":149,"column":4},"end":{"line":151,"column":5}},"type":"if","locations":[{"start":{"line":149,"column":4},"end":{"line":151,"column":5}},{"start":{},"end":{}}],"line":149},"5":{"loc":{"start":{"line":150,"column":13},"end":{"line":150,"column":35}},"type":"cond-expr","locations":[{"start":{"line":150,"column":30},"end":{"line":150,"column":31}},{"start":{"line":150,"column":34},"end":{"line":150,"column":35}}],"line":150},"6":{"loc":{"start":{"line":166,"column":4},"end":{"line":168,"column":5}},"type":"if","locations":[{"start":{"line":166,"column":4},"end":{"line":168,"column":5}},{"start":{},"end":{}}],"line":166},"7":{"loc":{"start":{"line":176,"column":4},"end":{"line":179,"column":5}},"type":"if","locations":[{"start":{"line":176,"column":4},"end":{"line":179,"column":5}},{"start":{},"end":{}}],"line":176},"8":{"loc":{"start":{"line":183,"column":4},"end":{"line":186,"column":5}},"type":"if","locations":[{"start":{"line":183,"column":4},"end":{"line":186,"column":5}},{"start":{},"end":{}}],"line":183},"9":{"loc":{"start":{"line":244,"column":4},"end":{"line":247,"column":5}},"type":"if","locations":[{"start":{"line":244,"column":4},"end":{"line":247,"column":5}},{"start":{},"end":{}}],"line":244}},"s":{"0":105,"1":105,"2":105,"3":105,"4":105,"5":105,"6":61,"7":61,"8":27,"9":2,"10":1,"11":14,"12":1,"13":62,"14":75,"15":111,"16":111,"17":1,"18":16,"19":10,"20":6,"21":6,"22":6,"23":6,"24":61,"25":48,"26":32,"27":16,"28":16,"29":30,"30":16,"31":35,"32":20,"33":15,"34":15,"35":30,"36":15,"37":7,"38":7,"39":10,"40":7,"41":5,"42":5,"43":1,"44":6,"45":6,"46":12,"47":6,"48":6,"49":6,"50":12,"51":6,"52":0,"53":0,"54":0,"55":0,"56":0,"57":0,"58":0,"59":0,"60":0,"61":0,"62":0,"63":0,"64":0,"65":0,"66":0,"67":0,"68":0,"69":0,"70":0,"71":0,"72":0,"73":0,"74":0,"75":0,"76":0,"77":0,"78":0,"79":0,"80":0,"81":0,"82":0,"83":0,"84":0,"85":0},"f":{"0":105,"1":61,"2":27,"3":2,"4":1,"5":14,"6":1,"7":62,"8":75,"9":111,"10":111,"11":1,"12":16,"13":6,"14":6,"15":61,"16":48,"17":30,"18":35,"19":30,"20":7,"21":5,"22":1,"23":6,"24":12,"25":6,"26":12,"27":0,"28":0,"29":0,"30":0,"31":0,"32":0,"33":0,"34":0,"35":0,"36":0,"37":0,"38":0},"b":{"0":[0],"1":[10,6],"2":[6,0],"3":[32,16],"4":[20,15],"5":[10,10],"6":[5,0],"7":[6,0],"8":[6,0],"9":[0,0]},"_coverageSchema":"1a1c01bbd47fc00a2c39e90264f33305004495a9","hash":"3db20abdcb41e5d3578199a6467a9357e5bc60ea"}
,"/home/fernando/Documents/github/summary/webui/tests/test-utils.ts": {"path":"/home/fernando/Documents/github/summary/webui/tests/test-utils.ts","statementMap":{"0":{"start":{"line":5,"column":33},"end":{"line":5,"column":35}},"1":{"start":{"line":6,"column":4},"end":{"line":6,"column":66}},"2":{"start":{"line":6,"column":26},"end":{"line":6,"column":64}},"3":{"start":{"line":7,"column":4},"end":{"line":7,"column":80}},"4":{"start":{"line":7,"column":35},"end":{"line":7,"column":78}},"5":{"start":{"line":8,"column":4},"end":{"line":8,"column":20}}},"fnMap":{"0":{"name":"(anonymous_0)","decl":{"start":{"line":4,"column":2},"end":{"line":4,"column":3}},"loc":{"start":{"line":4,"column":89},"end":{"line":9,"column":3}},"line":4},"1":{"name":"(anonymous_1)","decl":{"start":{"line":6,"column":21},"end":{"line":6,"column":22}},"loc":{"start":{"line":6,"column":26},"end":{"line":6,"column":64}},"line":6},"2":{"name":"(anonymous_2)","decl":{"start":{"line":7,"column":21},"end":{"line":7,"column":22}},"loc":{"start":{"line":7,"column":35},"end":{"line":7,"column":78}},"line":7}},"branchMap":{},"s":{"0":1,"1":1,"2":5,"3":1,"4":5,"5":1},"f":{"0":1,"1":5,"2":5},"b":{},"_coverageSchema":"1a1c01bbd47fc00a2c39e90264f33305004495a9","hash":"ecb585421ed7e08e7fbb4f45abb329e1793f6c42"}
}
