TN:
SF:src/app/container/container.model.ts
FN:75,(anonymous_0)
FN:81,(anonymous_1)
FN:86,(anonymous_2)
FN:90,(anonymous_3)
FN:91,(anonymous_4)
FN:94,(anonymous_5)
FN:98,(anonymous_6)
FN:102,(anonymous_7)
FN:106,(anonymous_8)
FN:110,(anonymous_9)
FN:114,(anonymous_10)
FN:118,(anonymous_11)
FN:122,(anonymous_12)
FN:126,(anonymous_13)
FN:129,(anonymous_14)
FN:135,(anonymous_15)
FN:139,(anonymous_16)
FN:144,(anonymous_17)
FN:148,(anonymous_18)
FN:153,(anonymous_19)
FN:157,(anonymous_20)
FN:165,(anonymous_21)
FN:171,(anonymous_22)
FN:175,(anonymous_23)
FN:177,(anonymous_24)
FN:182,(anonymous_25)
FN:184,(anonymous_26)
FN:189,(anonymous_27)
FN:191,(anonymous_28)
FN:196,(anonymous_29)
FN:198,(anonymous_30)
FN:207,(anonymous_31)
FN:211,(anonymous_32)
FN:215,(anonymous_33)
FN:217,(anonymous_34)
FN:226,(anonymous_35)
FN:234,(anonymous_36)
FN:238,(anonymous_37)
FN:250,(anonymous_38)
FNF:39
FNH:27
FNDA:105,(anonymous_0)
FNDA:61,(anonymous_1)
FNDA:27,(anonymous_2)
FNDA:2,(anonymous_3)
FNDA:1,(anonymous_4)
FNDA:14,(anonymous_5)
FNDA:1,(anonymous_6)
FNDA:62,(anonymous_7)
FNDA:75,(anonymous_8)
FNDA:111,(anonymous_9)
FNDA:111,(anonymous_10)
FNDA:1,(anonymous_11)
FNDA:16,(anonymous_12)
FNDA:6,(anonymous_13)
FNDA:6,(anonymous_14)
FNDA:61,(anonymous_15)
FNDA:48,(anonymous_16)
FNDA:30,(anonymous_17)
FNDA:35,(anonymous_18)
FNDA:30,(anonymous_19)
FNDA:7,(anonymous_20)
FNDA:5,(anonymous_21)
FNDA:1,(anonymous_22)
FNDA:6,(anonymous_23)
FNDA:12,(anonymous_24)
FNDA:6,(anonymous_25)
FNDA:12,(anonymous_26)
FNDA:0,(anonymous_27)
FNDA:0,(anonymous_28)
FNDA:0,(anonymous_29)
FNDA:0,(anonymous_30)
FNDA:0,(anonymous_31)
FNDA:0,(anonymous_32)
FNDA:0,(anonymous_33)
FNDA:0,(anonymous_34)
FNDA:0,(anonymous_35)
FNDA:0,(anonymous_36)
FNDA:0,(anonymous_37)
FNDA:0,(anonymous_38)
DA:71,105
DA:72,105
DA:73,105
DA:76,105
DA:77,105
DA:78,105
DA:82,61
DA:83,61
DA:87,27
DA:91,2
DA:95,14
DA:99,1
DA:103,62
DA:107,75
DA:111,111
DA:115,111
DA:119,1
DA:123,16
DA:124,10
DA:126,6
DA:130,6
DA:131,6
DA:136,61
DA:140,48
DA:141,32
DA:143,16
DA:144,30
DA:145,16
DA:149,35
DA:150,20
DA:152,15
DA:153,30
DA:154,15
DA:158,7
DA:159,7
DA:160,10
DA:162,7
DA:166,5
DA:167,5
DA:172,1
DA:176,6
DA:177,12
DA:178,6
DA:183,6
DA:184,12
DA:185,6
DA:190,0
DA:191,0
DA:192,0
DA:193,0
DA:197,0
DA:198,0
DA:199,0
DA:200,0
DA:201,0
DA:203,0
DA:204,0
DA:208,0
DA:211,0
DA:216,0
DA:217,0
DA:218,0
DA:219,0
DA:220,0
DA:222,0
DA:223,0
DA:227,0
DA:228,0
DA:229,0
DA:231,0
DA:235,0
DA:239,0
DA:240,0
DA:241,0
DA:243,0
DA:244,0
DA:245,0
DA:246,0
DA:251,0
LF:79
LH:46
BRDA:75,0,0,0
BRDA:123,1,0,10
BRDA:123,1,1,6
BRDA:130,2,0,6
BRDA:130,2,1,0
BRDA:140,3,0,32
BRDA:140,3,1,16
BRDA:149,4,0,20
BRDA:149,4,1,15
BRDA:150,5,0,10
BRDA:150,5,1,10
BRDA:166,6,0,5
BRDA:166,6,1,0
BRDA:176,7,0,6
BRDA:176,7,1,0
BRDA:183,8,0,6
BRDA:183,8,1,0
BRDA:244,9,0,0
BRDA:244,9,1,0
BRF:19
BRH:12
end_of_record
TN:
SF:tests/test-utils.ts
FN:4,(anonymous_0)
FN:6,(anonymous_1)
FN:7,(anonymous_2)
FNF:3
FNH:3
FNDA:1,(anonymous_0)
FNDA:5,(anonymous_1)
FNDA:5,(anonymous_2)
DA:5,1
DA:6,5
DA:7,5
DA:8,1
LF:4
LH:4
BRF:0
BRH:0
end_of_record
